TN:
SF:src\env.ts
FNF:0
FNH:0
DA:1,3
DA:3,3
DA:5,3
DA:16,3
LF:4
LH:4
BRDA:7,0,0,3
BRDA:7,0,1,0
BRDA:13,1,0,3
BRDA:13,1,1,0
BRF:4
BRH:2
end_of_record
TN:
SF:src\server.ts
FN:24,(anonymous_1)
FN:31,(anonymous_2)
FNF:2
FNH:0
FNDA:0,(anonymous_1)
FNDA:0,(anonymous_2)
DA:2,0
DA:3,0
DA:4,0
DA:5,0
DA:6,0
DA:7,0
DA:8,0
DA:10,0
DA:11,0
DA:13,0
DA:14,0
DA:15,0
DA:21,0
DA:22,0
DA:23,0
DA:24,0
DA:26,0
DA:32,0
LF:18
LH:0
BRDA:11,0,0,0
BRDA:11,0,1,0
BRF:2
BRH:0
end_of_record
TN:
SF:src\swagger.ts
FNF:0
FNH:0
DA:1,0
DA:2,0
DA:4,0
DA:27,0
DA:28,0
LF:5
LH:0
BRF:0
BRH:0
end_of_record
TN:
SF:src\controllers\serviceController.ts
FN:9,(anonymous_1)
FN:13,(anonymous_2)
FN:30,(anonymous_3)
FN:48,(anonymous_4)
FN:64,(anonymous_5)
FNF:5
FNH:5
FNDA:1,(anonymous_1)
FNDA:13,(anonymous_2)
FNDA:3,(anonymous_3)
FNDA:6,(anonymous_4)
FNDA:7,(anonymous_5)
DA:2,1
DA:6,1
DA:10,1
DA:13,1
DA:14,13
DA:15,4
DA:20,9
DA:22,9
DA:23,9
DA:24,9
DA:26,0
DA:30,1
DA:31,3
DA:32,0
DA:37,3
DA:39,3
DA:40,3
DA:41,3
DA:42,2
DA:44,1
DA:48,1
DA:49,6
DA:50,0
DA:55,6
DA:56,6
DA:57,6
DA:58,5
DA:60,6
DA:64,1
DA:65,7
DA:66,7
DA:67,7
DA:69,0
LF:33
LH:29
BRDA:14,0,0,4
BRDA:14,0,1,9
BRDA:14,1,0,13
BRDA:14,1,1,13
BRDA:31,2,0,0
BRDA:31,2,1,3
BRDA:31,3,0,3
BRDA:31,3,1,3
BRDA:49,4,0,0
BRDA:49,4,1,6
BRDA:49,5,0,6
BRDA:49,5,1,6
BRF:12
BRH:10
end_of_record
TN:
SF:src\controllers\ticketController.ts
FN:10,(anonymous_1)
FN:14,(anonymous_2)
FN:38,(anonymous_3)
FN:58,(anonymous_4)
FN:75,(anonymous_5)
FN:93,(anonymous_6)
FN:120,(anonymous_7)
FNF:7
FNH:7
FNDA:1,(anonymous_1)
FNDA:15,(anonymous_2)
FNDA:4,(anonymous_3)
FNDA:6,(anonymous_4)
FNDA:5,(anonymous_5)
FNDA:12,(anonymous_6)
FNDA:19,(anonymous_7)
DA:3,1
DA:7,1
DA:11,1
DA:14,1
DA:15,15
DA:16,4
DA:24,11
DA:26,11
DA:27,11
DA:32,5
DA:34,6
DA:38,1
DA:39,4
DA:40,2
DA:48,2
DA:49,2
DA:52,2
DA:54,0
DA:58,1
DA:59,6
DA:60,2
DA:67,4
DA:68,4
DA:69,4
DA:71,0
DA:75,1
DA:76,5
DA:77,2
DA:85,3
DA:86,3
DA:87,3
DA:89,0
DA:93,1
DA:94,12
DA:98,2
DA:106,10
DA:107,10
DA:108,10
DA:109,10
DA:114,6
DA:116,4
DA:120,1
DA:121,19
DA:125,2
DA:133,17
DA:134,17
DA:135,17
DA:136,17
DA:141,15
DA:143,2
LF:50
LH:47
BRDA:15,0,0,4
BRDA:15,0,1,11
BRDA:15,1,0,15
BRDA:15,1,1,15
BRDA:39,2,0,2
BRDA:39,2,1,2
BRDA:39,3,0,4
BRDA:39,3,1,4
BRDA:59,4,0,2
BRDA:59,4,1,4
BRDA:59,5,0,6
BRDA:59,5,1,6
BRDA:76,6,0,2
BRDA:76,6,1,3
BRDA:76,7,0,5
BRDA:76,7,1,5
BRDA:94,8,0,2
BRDA:94,8,1,10
BRDA:95,9,0,12
BRDA:95,9,1,12
BRDA:95,9,2,4
BRDA:121,10,0,2
BRDA:121,10,1,17
BRDA:122,11,0,19
BRDA:122,11,1,19
BRDA:122,11,2,5
BRF:26
BRH:26
end_of_record
TN:
SF:src\controllers\userController.ts
FN:10,(anonymous_1)
FN:15,(anonymous_2)
FN:26,(anonymous_3)
FN:50,(anonymous_4)
FN:64,(anonymous_5)
FN:82,(anonymous_6)
FN:100,(anonymous_7)
FN:128,(anonymous_8)
FN:139,(anonymous_9)
FN:176,(anonymous_10)
FN:200,(anonymous_11)
FN:236,(anonymous_12)
FN:272,(anonymous_13)
FNF:13
FNH:13
FNDA:1,(anonymous_1)
FNDA:4,(anonymous_2)
FNDA:10,(anonymous_3)
FNDA:7,(anonymous_4)
FNDA:2,(anonymous_5)
FNDA:2,(anonymous_6)
FNDA:4,(anonymous_7)
FNDA:2,(anonymous_8)
FNDA:4,(anonymous_9)
FNDA:5,(anonymous_10)
FNDA:6,(anonymous_11)
FNDA:3,(anonymous_12)
FNDA:5,(anonymous_13)
DA:3,1
DA:4,1
DA:6,1
DA:11,1
DA:12,1
DA:15,1
DA:16,4
DA:18,4
DA:19,4
DA:20,1
DA:22,3
DA:26,1
DA:27,10
DA:28,3
DA:36,7
DA:38,7
DA:39,7
DA:44,6
DA:46,1
DA:50,1
DA:51,7
DA:52,7
DA:53,7
DA:58,6
DA:60,1
DA:64,1
DA:65,2
DA:66,1
DA:74,1
DA:75,1
DA:76,1
DA:78,0
DA:82,1
DA:83,2
DA:84,1
DA:92,1
DA:93,1
DA:94,1
DA:96,0
DA:100,1
DA:101,4
DA:106,0
DA:113,4
DA:114,4
DA:115,3
DA:116,3
DA:120,2
DA:122,1
DA:124,1
DA:128,1
DA:129,2
DA:130,2
DA:133,1
DA:135,1
DA:139,1
DA:141,4
DA:143,4
DA:144,0
DA:151,4
DA:156,0
DA:162,4
DA:163,4
DA:164,4
DA:165,4
DA:170,1
DA:172,3
DA:176,1
DA:178,5
DA:179,5
DA:180,1
DA:187,4
DA:188,4
DA:189,4
DA:190,4
DA:194,1
DA:196,3
DA:200,1
DA:202,6
DA:204,6
DA:205,0
DA:212,6
DA:217,0
DA:223,6
DA:224,6
DA:225,6
DA:226,6
DA:230,3
DA:232,3
DA:236,1
DA:238,3
DA:240,3
DA:241,0
DA:248,3
DA:253,0
DA:259,3
DA:260,3
DA:261,3
DA:262,3
DA:266,1
DA:268,2
DA:272,1
DA:274,5
DA:276,5
DA:277,1
DA:284,4
DA:289,0
DA:295,4
DA:296,4
DA:297,2
DA:299,2
LF:110
LH:100
BRDA:27,0,0,3
BRDA:27,0,1,7
BRDA:27,1,0,10
BRDA:27,1,1,10
BRDA:65,2,0,1
BRDA:65,2,1,1
BRDA:65,3,0,2
BRDA:65,3,1,2
BRDA:83,4,0,1
BRDA:83,4,1,1
BRDA:83,5,0,2
BRDA:83,5,1,2
BRDA:101,6,0,0
BRDA:101,6,1,4
BRDA:102,7,0,4
BRDA:102,7,1,4
BRDA:102,7,2,2
BRDA:114,8,0,3
BRDA:114,8,1,1
BRDA:141,9,0,4
BRDA:141,9,1,4
BRDA:141,9,2,4
BRDA:143,10,0,0
BRDA:143,10,1,4
BRDA:151,11,0,0
BRDA:151,11,1,4
BRDA:152,12,0,4
BRDA:152,12,1,4
BRDA:152,12,2,4
BRDA:178,13,0,5
BRDA:178,13,1,5
BRDA:179,14,0,1
BRDA:179,14,1,4
BRDA:202,15,0,6
BRDA:202,15,1,6
BRDA:202,15,2,3
BRDA:204,16,0,0
BRDA:204,16,1,6
BRDA:212,17,0,0
BRDA:212,17,1,6
BRDA:213,18,0,6
BRDA:213,18,1,6
BRDA:213,18,2,2
BRDA:238,19,0,3
BRDA:238,19,1,3
BRDA:238,19,2,2
BRDA:240,20,0,0
BRDA:240,20,1,3
BRDA:248,21,0,0
BRDA:248,21,1,3
BRDA:249,22,0,3
BRDA:249,22,1,3
BRDA:249,22,2,2
BRDA:274,23,0,5
BRDA:274,23,1,5
BRDA:274,23,2,2
BRDA:276,24,0,1
BRDA:276,24,1,4
BRDA:284,25,0,0
BRDA:284,25,1,4
BRDA:285,26,0,4
BRDA:285,26,1,4
BRDA:285,26,2,2
BRF:63
BRH:55
end_of_record
TN:
SF:src\db\connection.ts
FNF:0
FNH:0
DA:1,3
DA:2,3
DA:3,3
DA:4,3
DA:6,3
DA:7,3
LF:6
LH:6
BRF:0
BRH:0
end_of_record
TN:
SF:src\db\schema\index.ts
FNF:0
FNH:0
DA:1,3
DA:2,3
DA:3,3
DA:4,3
DA:5,3
DA:7,3
LF:6
LH:6
BRF:0
BRH:0
end_of_record
TN:
SF:src\db\schema\services.ts
FNF:0
FNH:0
DA:1,3
DA:3,3
LF:2
LH:2
BRF:0
BRH:0
end_of_record
TN:
SF:src\db\schema\techAvailabilities.ts
FN:8,(anonymous_0)
FN:15,(anonymous_1)
FNF:2
FNH:0
FNDA:0,(anonymous_0)
FNDA:0,(anonymous_1)
DA:1,3
DA:2,3
DA:3,3
DA:5,3
DA:8,0
DA:13,3
DA:15,0
LF:7
LH:5
BRF:0
BRH:0
end_of_record
TN:
SF:src\db\schema\tickets.ts
FN:9,(anonymous_0)
FN:12,(anonymous_1)
FNF:2
FNH:0
FNDA:0,(anonymous_0)
FNDA:0,(anonymous_1)
DA:1,3
DA:2,3
DA:4,3
DA:6,3
DA:9,0
DA:12,0
LF:6
LH:4
BRF:0
BRH:0
end_of_record
TN:
SF:src\db\schema\ticketsServices.ts
FN:9,(anonymous_0)
FN:12,(anonymous_1)
FN:15,(anonymous_2)
FNF:3
FNH:1
FNDA:0,(anonymous_0)
FNDA:0,(anonymous_1)
FNDA:3,(anonymous_2)
DA:1,3
DA:2,3
DA:3,3
DA:5,3
DA:9,0
DA:12,0
DA:15,3
LF:7
LH:5
BRF:0
BRH:0
end_of_record
TN:
SF:src\db\schema\users.ts
FN:16,(anonymous_0)
FNF:1
FNH:0
FNDA:0,(anonymous_0)
DA:1,3
DA:2,3
DA:3,3
DA:5,3
DA:7,3
DA:16,3
LF:6
LH:6
BRF:0
BRH:0
end_of_record
TN:
SF:src\middlewares\authMiddleware.ts
FN:6,authMiddleware
FNF:1
FNH:1
FNDA:239,authMiddleware
DA:1,4
DA:3,4
DA:6,4
DA:11,239
DA:12,239
DA:14,239
DA:15,33
DA:18,206
DA:20,206
DA:21,3
DA:23,203
DA:24,203
DA:25,195
DA:26,195
DA:28,8
LF:15
LH:15
BRDA:14,0,0,33
BRDA:14,0,1,206
BRDA:20,1,0,3
BRDA:20,1,1,203
BRF:4
BRH:4
end_of_record
TN:
SF:src\middlewares\validateDataMiddleware.ts
FN:5,validateZodSchema
FN:14,(anonymous_1)
FN:21,(anonymous_2)
FN:33,(anonymous_3)
FN:44,(anonymous_4)
FNF:5
FNH:5
FNDA:52,validateZodSchema
FNDA:212,(anonymous_1)
FNDA:58,(anonymous_2)
FNDA:31,(anonymous_3)
FNDA:2,(anonymous_4)
DA:5,4
DA:14,52
DA:15,212
DA:16,187
DA:18,187
DA:19,45
DA:21,58
DA:25,142
DA:28,167
DA:29,107
DA:30,107
DA:31,31
DA:33,31
DA:36,76
DA:39,136
DA:40,6
DA:41,6
DA:42,2
DA:44,2
DA:47,4
DA:49,134
LF:21
LH:21
BRDA:15,0,0,187
BRDA:15,0,1,25
BRDA:18,1,0,45
BRDA:18,1,1,142
BRDA:28,2,0,107
BRDA:28,2,1,60
BRDA:30,3,0,31
BRDA:30,3,1,76
BRDA:39,4,0,6
BRDA:39,4,1,130
BRDA:41,5,0,2
BRDA:41,5,1,4
BRF:12
BRH:12
end_of_record
TN:
SF:src\routes\serviceRoutes.ts
FNF:0
FNH:0
DA:1,1
DA:2,1
DA:3,1
DA:4,1
DA:5,1
DA:7,1
DA:8,1
DA:10,1
DA:21,1
DA:22,1
DA:36,1
DA:48,1
LF:12
LH:12
BRF:0
BRH:0
end_of_record
TN:
SF:src\routes\ticketRoutes.ts
FNF:0
FNH:0
DA:1,1
DA:2,1
DA:3,1
DA:4,1
DA:5,1
DA:7,1
DA:8,1
DA:10,1
DA:21,1
DA:26,1
DA:27,1
DA:28,1
DA:41,1
DA:55,1
LF:14
LH:14
BRF:0
BRH:0
end_of_record
TN:
SF:src\routes\userRoutes.ts
FNF:0
FNH:0
DA:1,1
DA:2,1
DA:3,1
DA:4,1
DA:5,1
DA:6,1
DA:8,1
DA:9,1
DA:10,1
DA:13,1
DA:16,1
DA:28,1
DA:29,1
DA:44,1
DA:64,1
DA:81,1
DA:92,1
DA:107,1
DA:108,1
DA:121,1
DA:133,1
DA:144,1
LF:22
LH:22
BRF:0
BRH:0
end_of_record
TN:
SF:src\services\authService.ts
FN:10,(anonymous_1)
FNF:1
FNH:1
FNDA:4,(anonymous_1)
DA:1,1
DA:2,1
DA:3,1
DA:4,1
DA:5,1
DA:6,1
DA:8,1
DA:10,1
DA:11,4
DA:14,3
DA:15,1
DA:18,2
DA:19,2
DA:20,1
DA:24,1
LF:15
LH:15
BRDA:14,0,0,1
BRDA:14,0,1,2
BRDA:19,1,0,1
BRDA:19,1,1,1
BRF:4
BRH:4
end_of_record
TN:
SF:src\services\serviceService.ts
FN:8,(anonymous_0)
FN:17,(anonymous_1)
FN:35,(anonymous_2)
FN:52,(anonymous_3)
FNF:4
FNH:4
FNDA:9,(anonymous_0)
FNDA:3,(anonymous_1)
FNDA:6,(anonymous_2)
FNDA:7,(anonymous_3)
DA:2,1
DA:3,1
DA:4,1
DA:6,1
DA:8,1
DA:9,9
DA:17,1
DA:18,3
DA:21,3
DA:22,1
DA:25,2
DA:35,1
DA:36,6
DA:39,6
DA:40,1
DA:43,5
DA:52,1
DA:53,7
LF:18
LH:18
BRDA:21,0,0,1
BRDA:21,0,1,2
BRDA:39,1,0,1
BRDA:39,1,1,5
BRF:4
BRH:4
end_of_record
TN:
SF:src\services\ticketService.ts
FN:9,(anonymous_0)
FN:42,(anonymous_1)
FN:52,(anonymous_2)
FN:68,(anonymous_3)
FN:72,(anonymous_4)
FN:95,(anonymous_5)
FN:118,(anonymous_6)
FN:140,(anonymous_7)
FN:162,(anonymous_8)
FN:165,(anonymous_9)
FN:177,(anonymous_10)
FNF:11
FNH:11
FNDA:11,(anonymous_0)
FNDA:5,(anonymous_1)
FNDA:6,(anonymous_2)
FNDA:6,(anonymous_3)
FNDA:2,(anonymous_4)
FNDA:4,(anonymous_5)
FNDA:3,(anonymous_6)
FNDA:10,(anonymous_7)
FNDA:6,(anonymous_8)
FNDA:7,(anonymous_9)
FNDA:17,(anonymous_10)
DA:2,1
DA:3,1
DA:4,1
DA:8,1
DA:9,1
DA:10,11
DA:11,11
DA:27,11
DA:29,7
DA:38,7
DA:39,2
DA:42,5
DA:43,5
DA:51,5
DA:52,6
DA:58,5
DA:61,5
DA:68,6
DA:72,1
DA:73,2
DA:95,1
DA:96,4
DA:118,1
DA:119,3
DA:140,1
DA:141,10
DA:144,10
DA:145,9
DA:146,1
DA:149,8
DA:158,8
DA:159,2
DA:162,6
DA:163,6
DA:165,7
DA:168,6
DA:177,1
DA:178,17
DA:181,17
DA:182,16
DA:183,1
DA:186,15
LF:42
LH:42
BRDA:27,0,0,4
BRDA:27,0,1,7
BRDA:38,1,0,2
BRDA:38,1,1,5
BRDA:144,2,0,1
BRDA:144,2,1,9
BRDA:145,3,0,1
BRDA:145,3,1,8
BRDA:145,4,0,9
BRDA:145,4,1,3
BRDA:158,5,0,2
BRDA:158,5,1,6
BRDA:181,6,0,1
BRDA:181,6,1,16
BRDA:182,7,0,1
BRDA:182,7,1,15
BRDA:182,8,0,16
BRDA:182,8,1,4
BRF:18
BRH:18
end_of_record
TN:
SF:src\services\userService.ts
FN:11,(anonymous_1)
FN:42,(anonymous_2)
FN:51,(anonymous_3)
FN:76,(anonymous_4)
FN:94,(anonymous_5)
FN:99,(anonymous_6)
FN:131,(anonymous_7)
FN:163,(anonymous_8)
FN:195,(anonymous_9)
FN:210,(anonymous_10)
FN:221,(anonymous_11)
FN:239,(anonymous_12)
FN:251,(anonymous_13)
FNF:13
FNH:13
FNDA:7,(anonymous_1)
FNDA:48,(anonymous_2)
FNDA:7,(anonymous_3)
FNDA:1,(anonymous_4)
FNDA:1,(anonymous_5)
FNDA:4,(anonymous_6)
FNDA:4,(anonymous_7)
FNDA:6,(anonymous_8)
FNDA:3,(anonymous_9)
FNDA:5,(anonymous_10)
FNDA:3,(anonymous_11)
FNDA:2,(anonymous_12)
FNDA:4,(anonymous_13)
DA:2,1
DA:3,1
DA:4,1
DA:5,1
DA:6,1
DA:9,1
DA:11,1
DA:12,7
DA:15,7
DA:16,1
DA:19,6
DA:21,6
DA:32,6
DA:42,48
DA:47,6
DA:48,6
DA:51,1
DA:56,7
DA:59,7
DA:60,1
DA:63,6
DA:65,6
DA:76,1
DA:77,1
DA:94,1
DA:95,1
DA:99,1
DA:103,4
DA:107,4
DA:110,4
DA:111,2
DA:114,2
DA:115,1
DA:118,1
DA:120,1
DA:131,1
DA:135,4
DA:139,4
DA:142,4
DA:143,2
DA:146,2
DA:147,1
DA:150,1
DA:152,1
DA:163,1
DA:167,6
DA:171,6
DA:174,6
DA:175,2
DA:178,4
DA:179,1
DA:182,3
DA:184,3
DA:195,1
DA:199,3
DA:202,3
DA:203,2
DA:206,1
DA:210,5
DA:215,1
DA:221,1
DA:222,3
DA:225,3
DA:226,1
DA:229,2
DA:236,2
DA:239,1
DA:240,2
DA:244,2
DA:245,1
DA:248,1
DA:251,1
DA:252,4
DA:255,4
DA:256,2
DA:259,2
LF:76
LH:76
BRDA:15,0,0,1
BRDA:15,0,1,6
BRDA:59,1,0,1
BRDA:59,1,1,6
BRDA:110,2,0,2
BRDA:110,2,1,2
BRDA:110,3,0,4
BRDA:110,3,1,3
BRDA:114,4,0,1
BRDA:114,4,1,1
BRDA:114,5,0,2
BRDA:114,5,1,1
BRDA:142,6,0,2
BRDA:142,6,1,2
BRDA:142,7,0,4
BRDA:142,7,1,3
BRDA:146,8,0,1
BRDA:146,8,1,1
BRDA:146,9,0,2
BRDA:146,9,1,1
BRDA:174,10,0,2
BRDA:174,10,1,4
BRDA:174,11,0,6
BRDA:174,11,1,5
BRDA:178,12,0,1
BRDA:178,12,1,3
BRDA:178,13,0,4
BRDA:178,13,1,1
BRDA:202,14,0,2
BRDA:202,14,1,1
BRDA:202,15,0,3
BRDA:202,15,1,2
BRDA:225,16,0,1
BRDA:225,16,1,2
BRDA:244,17,0,1
BRDA:244,17,1,1
BRDA:255,18,0,2
BRDA:255,18,1,2
BRDA:255,19,0,4
BRDA:255,19,1,3
BRF:40
BRH:40
end_of_record
